<?xml version="1.0" encoding="UTF-8"?>
<testsuite name="com.example.demo.MemberHibernateApplicationTests" tests="1" skipped="0" failures="0" errors="0" timestamp="2020-03-02T07:40:17" hostname="owin-Latitude-5591" time="0.001">
  <properties/>
  <testcase name="contextLoads" classname="com.example.demo.MemberHibernateApplicationTests" time="0.001"/>
  <system-out><![CDATA[2020-03-02 16:40:17.947  INFO 2135 --- [    Test worker] .b.t.c.SpringBootTestContextBootstrapper : Neither @ContextConfiguration nor @ContextHierarchy found for test class [com.example.demo.MemberHibernateApplicationTests], using SpringBootContextLoader
2020-03-02 16:40:17.948  INFO 2135 --- [    Test worker] o.s.t.c.support.AbstractContextLoader    : Could not detect default resource locations for test class [com.example.demo.MemberHibernateApplicationTests]: no resource found for suffixes {-context.xml, Context.groovy}.
2020-03-02 16:40:17.948  INFO 2135 --- [    Test worker] t.c.s.AnnotationConfigContextLoaderUtils : Could not detect default configuration classes for test class [com.example.demo.MemberHibernateApplicationTests]: MemberHibernateApplicationTests does not declare any static, non-private, non-final, nested classes annotated with @Configuration.
2020-03-02 16:40:17.949  INFO 2135 --- [    Test worker] .b.t.c.SpringBootTestContextBootstrapper : Found @SpringBootConfiguration com.example.demo.MemberHibernateApplication for test class com.example.demo.MemberHibernateApplicationTests
2020-03-02 16:40:17.949  INFO 2135 --- [    Test worker] .b.t.c.SpringBootTestContextBootstrapper : Loaded default TestExecutionListener class names from location [META-INF/spring.factories]: [org.springframework.boot.test.autoconfigure.restdocs.RestDocsTestExecutionListener, org.springframework.boot.test.autoconfigure.web.client.MockRestServiceServerResetTestExecutionListener, org.springframework.boot.test.autoconfigure.web.servlet.MockMvcPrintOnlyOnFailureTestExecutionListener, org.springframework.boot.test.autoconfigure.web.servlet.WebDriverTestExecutionListener, org.springframework.boot.test.mock.mockito.MockitoTestExecutionListener, org.springframework.boot.test.mock.mockito.ResetMocksTestExecutionListener, org.springframework.test.context.web.ServletTestExecutionListener, org.springframework.test.context.support.DirtiesContextBeforeModesTestExecutionListener, org.springframework.test.context.support.DependencyInjectionTestExecutionListener, org.springframework.test.context.support.DirtiesContextTestExecutionListener, org.springframework.test.context.transaction.TransactionalTestExecutionListener, org.springframework.test.context.jdbc.SqlScriptsTestExecutionListener]
2020-03-02 16:40:17.950  INFO 2135 --- [    Test worker] .b.t.c.SpringBootTestContextBootstrapper : Using TestExecutionListeners: [org.springframework.test.context.web.ServletTestExecutionListener@b85268b, org.springframework.test.context.support.DirtiesContextBeforeModesTestExecutionListener@2fb34b84, org.springframework.boot.test.mock.mockito.MockitoTestExecutionListener@2ec31a04, org.springframework.boot.test.autoconfigure.SpringBootDependencyInjectionTestExecutionListener@5b8d491b, org.springframework.test.context.support.DirtiesContextTestExecutionListener@799e8d9f, org.springframework.test.context.transaction.TransactionalTestExecutionListener@4c441643, org.springframework.test.context.jdbc.SqlScriptsTestExecutionListener@7a6126f5, org.springframework.boot.test.autoconfigure.restdocs.RestDocsTestExecutionListener@4b956d33, org.springframework.boot.test.autoconfigure.web.client.MockRestServiceServerResetTestExecutionListener@466af3ab, org.springframework.boot.test.autoconfigure.web.servlet.MockMvcPrintOnlyOnFailureTestExecutionListener@2a70132b, org.springframework.boot.test.autoconfigure.web.servlet.WebDriverTestExecutionListener@59d5ce1e, org.springframework.boot.test.mock.mockito.ResetMocksTestExecutionListener@3949dce2]
]]></system-out>
  <system-err><![CDATA[]]></system-err>
</testsuite>
